app/build/outputs/logs/manifest-merger-debug-report.txt
-- Merging decision tree log ---
manifest
ADDED from src\main\AndroidManifest.xml:2:1-156:12
	package
		ADDED from src\main\AndroidManifest.xml:3:11-36
		INJECTED from src\main\AndroidManifest.xml
		INJECTED from src\main\AndroidManifest.xml
	android:versionName
		INJECTED from src\main\AndroidManifest.xml
		INJECTED from src\main\AndroidManifest.xml
	xmlns:android
		ADDED from src\main\AndroidManifest.xml:2:11-69
	android:versionCode
		INJECTED from src\main\AndroidManifest.xml
		INJECTED from src\main\AndroidManifest.xml
uses-permission#android.permission.GET_ACCOUNTS
ADDED from src\main\AndroidManifest.xml:5:5-70
	android:name
		ADDED from src\main\AndroidManifest.xml:5:22-68
uses-permission#android.permission.READ_PHONE_STATE
ADDED from src\main\AndroidManifest.xml:6:5-74
MERGED from [com.tencent.bugly:crashreport_upgrade:1.3.1] AndroidManifest.xml:11:5-75
	android:name
		ADDED from src\main\AndroidManifest.xml:6:22-72
uses-permission#android.permission.READ_PROFILE
ADDED from src\main\AndroidManifest.xml:7:5-70
	android:name
		ADDED from src\main\AndroidManifest.xml:7:22-68
uses-permission#android.permission.READ_CONTACTS
ADDED from src\main\AndroidManifest.xml:8:5-71
	android:name
		ADDED from src\main\AndroidManifest.xml:8:22-69
uses-permission#android.permission.INTERNET
ADDED from src\main\AndroidManifest.xml:9:5-66
MERGED from [com.tencent.bugly:crashreport_upgrade:1.3.1] AndroidManifest.xml:12:5-67
	android:name
		ADDED from src\main\AndroidManifest.xml:9:22-64
uses-permission#android.permission.CHANGE_WIFI_STATE
ADDED from src\main\AndroidManifest.xml:10:5-75
	android:name
		ADDED from src\main\AndroidManifest.xml:10:22-73
uses-permission#android.permission.CHANGE_NETWORK_STATE
ADDED from src\main\AndroidManifest.xml:11:5-78
	android:name
		ADDED from src\main\AndroidManifest.xml:11:22-76
uses-permission#android.permission.ACCESS_WIFI_STATE
ADDED from src\main\AndroidManifest.xml:12:5-75
MERGED from [com.tencent.bugly:crashreport_upgrade:1.3.1] AndroidManifest.xml:14:5-76
	android:name
		ADDED from src\main\AndroidManifest.xml:12:22-73
uses-permission#android.permission.ACCESS_NETWORK_STATE
ADDED from src\main\AndroidManifest.xml:13:5-78
MERGED from [com.tencent.bugly:crashreport_upgrade:1.3.1] AndroidManifest.xml:13:5-79
	android:name
		ADDED from src\main\AndroidManifest.xml:13:22-76
uses-permission#android.permission.ACCESS_COARSE_LOCATION
ADDED from src\main\AndroidManifest.xml:14:5-80
	android:name
		ADDED from src\main\AndroidManifest.xml:14:22-78
uses-permission#android.permission.ACCESS_FINE_LOCATION
ADDED from src\main\AndroidManifest.xml:15:5-78
	android:name
		ADDED from src\main\AndroidManifest.xml:15:22-76
uses-permission#android.permission.READ_EXTERNAL_STORAGE
ADDED from src\main\AndroidManifest.xml:16:5-79
	android:name
		ADDED from src\main\AndroidManifest.xml:16:22-77
uses-permission#android.permission.CAMERA
ADDED from src\main\AndroidManifest.xml:17:5-64
	android:name
		ADDED from src\main\AndroidManifest.xml:17:22-62
uses-permission#android.permission.WRITE_EXTERNAL_STORAGE
ADDED from src\main\AndroidManifest.xml:18:5-80
MERGED from [com.tencent.bugly:crashreport_upgrade:1.3.1] AndroidManifest.xml:16:5-81
	android:name
		ADDED from src\main\AndroidManifest.xml:18:22-78
uses-permission#android.permission.RECEIVE_BOOT_COMPLETED
ADDED from src\main\AndroidManifest.xml:19:5-80
	android:name
		ADDED from src\main\AndroidManifest.xml:19:22-78
uses-permission#android.permission.VIBRATE
ADDED from src\main\AndroidManifest.xml:20:5-65
	android:name
		ADDED from src\main\AndroidManifest.xml:20:22-63
uses-permission#android.permission.READ_LOGS
ADDED from src\main\AndroidManifest.xml:21:5-67
MERGED from [com.tencent.bugly:crashreport_upgrade:1.3.1] AndroidManifest.xml:15:5-68
	android:name
		ADDED from src\main\AndroidManifest.xml:21:22-65
uses-permission#android.permission.SYSTEM_ALERT_WINDOW
ADDED from src\main\AndroidManifest.xml:22:5-94
	android:name
		ADDED from src\main\AndroidManifest.xml:22:22-75
uses-feature#android.hardware.sensor.accelerometer
ADDED from src\main\AndroidManifest.xml:25:5-27:34
	android:required
		ADDED from src\main\AndroidManifest.xml:27:9-32
	android:name
		ADDED from src\main\AndroidManifest.xml:26:9-61
uses-feature#android.hardware.camera
ADDED from src\main\AndroidManifest.xml:29:5-59
	android:name
		ADDED from src\main\AndroidManifest.xml:29:19-57
uses-feature#android.hardware.camera.autofocus
ADDED from src\main\AndroidManifest.xml:30:5-69
	android:name
		ADDED from src\main\AndroidManifest.xml:30:19-67
application
ADDED from src\main\AndroidManifest.xml:32:5-154:19
MERGED from [com.android.support:design:25.0.1] AndroidManifest.xml:25:5-20
MERGED from [com.android.support:transition:25.0.1] AndroidManifest.xml:22:5-20
MERGED from [com.android.support:cardview-v7:25.0.1] AndroidManifest.xml:22:5-20
MERGED from [org.xutils:xutils:3.5.0] AndroidManifest.xml:12:5-20
MERGED from [com.afollestad.material-dialogs:core:0.9.4.3] AndroidManifest.xml:13:5-20
MERGED from [com.android.support:support-v13:25.3.1] AndroidManifest.xml:29:5-20
MERGED from [com.android.support:appcompat-v7:25.3.1] AndroidManifest.xml:29:5-20
MERGED from [com.android.support:support-v4:25.3.1] AndroidManifest.xml:29:5-20
MERGED from [com.android.support:support-fragment:25.3.1] AndroidManifest.xml:29:5-20
MERGED from [com.android.support:support-media-compat:25.3.1] AndroidManifest.xml:29:5-20
MERGED from [com.android.support:support-core-ui:25.3.1] AndroidManifest.xml:29:5-20
MERGED from [com.android.support:support-core-utils:25.3.1] AndroidManifest.xml:29:5-20
MERGED from [com.android.support:animated-vector-drawable:25.3.1] AndroidManifest.xml:26:5-20
MERGED from [com.android.support:support-vector-drawable:25.3.1] AndroidManifest.xml:26:5-20
MERGED from [com.android.support:support-compat:25.3.1] AndroidManifest.xml:29:5-20
MERGED from [net.grandcentrix.tray:tray:0.11.1] AndroidManifest.xml:11:5-17:19
MERGED from [com.tencent.bugly:crashreport_upgrade:1.3.1] AndroidManifest.xml:19:5-54:19
	android:process
		ADDED from src\main\AndroidManifest.xml:37:9-42
	android:label
		ADDED from src\main\AndroidManifest.xml:36:9-41
	android:supportsRtl
		ADDED from src\main\AndroidManifest.xml:38:9-35
	android:allowBackup
		ADDED from src\main\AndroidManifest.xml:34:9-36
	android:icon
		ADDED from src\main\AndroidManifest.xml:35:9-43
	android:theme
		ADDED from src\main\AndroidManifest.xml:39:9-40
	android:name
		ADDED from src\main\AndroidManifest.xml:33:9-40
activity#com.hongbang.ic.SplashActivity
ADDED from src\main\AndroidManifest.xml:40:9-49:20
	android:screenOrientation
		ADDED from src\main\AndroidManifest.xml:42:13-49
	android:theme
		ADDED from src\main\AndroidManifest.xml:43:13-51
	android:name
		ADDED from src\main\AndroidManifest.xml:41:13-43
intent-filter#android.intent.action.MAIN+android.intent.category.LAUNCHER
ADDED from src\main\AndroidManifest.xml:44:13-48:29
action#android.intent.action.MAIN
ADDED from src\main\AndroidManifest.xml:45:17-68
	android:name
		ADDED from src\main\AndroidManifest.xml:45:25-66
category#android.intent.category.LAUNCHER
ADDED from src\main\AndroidManifest.xml:47:17-76
	android:name
		ADDED from src\main\AndroidManifest.xml:47:27-74
activity#com.hongbang.ic.activity.LoginActivity
ADDED from src\main\AndroidManifest.xml:50:9-53:60
	android:screenOrientation
		ADDED from src\main\AndroidManifest.xml:52:13-49
	android:theme
		ADDED from src\main\AndroidManifest.xml:53:13-58
	android:name
		ADDED from src\main\AndroidManifest.xml:51:13-51
activity#com.hongbang.ic.activity.MainActivity
ADDED from src\main\AndroidManifest.xml:54:9-57:51
	android:screenOrientation
		ADDED from src\main\AndroidManifest.xml:57:13-49
	android:launchMode
		ADDED from src\main\AndroidManifest.xml:56:13-44
	android:name
		ADDED from src\main\AndroidManifest.xml:55:13-50
activity#com.hongbang.ic.activity.RegisterActivity
ADDED from src\main\AndroidManifest.xml:58:9-60:51
	android:screenOrientation
		ADDED from src\main\AndroidManifest.xml:60:13-49
	android:name
		ADDED from src\main\AndroidManifest.xml:59:13-54
activity#com.hongbang.ic.activity.CommunityChooseActivity
ADDED from src\main\AndroidManifest.xml:61:9-64:71
	android:screenOrientation
		ADDED from src\main\AndroidManifest.xml:63:13-49
	android:windowSoftInputMode
		ADDED from src\main\AndroidManifest.xml:64:13-69
	android:name
		ADDED from src\main\AndroidManifest.xml:62:13-61
activity#com.hongbang.ic.activity.RepairActivity
ADDED from src\main\AndroidManifest.xml:65:9-67:51
	android:screenOrientation
		ADDED from src\main\AndroidManifest.xml:67:13-49
	android:name
		ADDED from src\main\AndroidManifest.xml:66:13-52
activity#com.hongbang.ic.activity.PortalActivity
ADDED from src\main\AndroidManifest.xml:68:9-70:51
	android:screenOrientation
		ADDED from src\main\AndroidManifest.xml:70:13-49
	android:name
		ADDED from src\main\AndroidManifest.xml:69:13-52
activity#com.hongbang.ic.activity.RepairHistoryActivity
ADDED from src\main\AndroidManifest.xml:71:9-73:51
	android:screenOrientation
		ADDED from src\main\AndroidManifest.xml:73:13-49
	android:name
		ADDED from src\main\AndroidManifest.xml:72:13-59
activity#com.hongbang.ic.activity.RepairDetailActivity
ADDED from src\main\AndroidManifest.xml:74:9-76:51
	android:screenOrientation
		ADDED from src\main\AndroidManifest.xml:76:13-49
	android:name
		ADDED from src\main\AndroidManifest.xml:75:13-58
activity#com.hongbang.ic.activity.NoticeListActivity
ADDED from src\main\AndroidManifest.xml:77:9-79:51
	android:screenOrientation
		ADDED from src\main\AndroidManifest.xml:79:13-49
	android:name
		ADDED from src\main\AndroidManifest.xml:78:13-56
activity#com.hongbang.ic.activity.WebViewActivity
ADDED from src\main\AndroidManifest.xml:80:9-82:51
	android:screenOrientation
		ADDED from src\main\AndroidManifest.xml:82:13-49
	android:name
		ADDED from src\main\AndroidManifest.xml:81:13-53
activity#com.hongbang.ic.activity.ChangePasswordActivity
ADDED from src\main\AndroidManifest.xml:83:9-85:51
	android:screenOrientation
		ADDED from src\main\AndroidManifest.xml:85:13-49
	android:name
		ADDED from src\main\AndroidManifest.xml:84:13-60
activity#com.hongbang.ic.activity.RetrievePasswordActivity
ADDED from src\main\AndroidManifest.xml:86:9-88:51
	android:screenOrientation
		ADDED from src\main\AndroidManifest.xml:88:13-49
	android:name
		ADDED from src\main\AndroidManifest.xml:87:13-62
activity#com.hongbang.ic.support.clipimage.ClipImageActivity
ADDED from src\main\AndroidManifest.xml:89:9-91:51
	android:screenOrientation
		ADDED from src\main\AndroidManifest.xml:91:13-49
	android:name
		ADDED from src\main\AndroidManifest.xml:90:13-64
receiver#com.hongbang.ic.receiver.BootBroadcastReceiver
ADDED from src\main\AndroidManifest.xml:93:9-100:20
	android:exported
		ADDED from src\main\AndroidManifest.xml:94:13-37
	android:name
		ADDED from src\main\AndroidManifest.xml:93:19-65
intent-filter#android.intent.action.BOOT_COMPLETED+android.intent.category.HOME
ADDED from src\main\AndroidManifest.xml:95:13-99:29
action#android.intent.action.BOOT_COMPLETED
ADDED from src\main\AndroidManifest.xml:96:17-78
	android:name
		ADDED from src\main\AndroidManifest.xml:96:25-76
category#android.intent.category.HOME
ADDED from src\main\AndroidManifest.xml:98:17-72
	android:name
		ADDED from src\main\AndroidManifest.xml:98:27-70
activity#com.hongbang.ic.GuideActivity
ADDED from src\main\AndroidManifest.xml:102:9-105:60
	android:screenOrientation
		ADDED from src\main\AndroidManifest.xml:104:13-49
	android:theme
		ADDED from src\main\AndroidManifest.xml:105:13-58
	android:name
		ADDED from src\main\AndroidManifest.xml:103:13-42
service#com.hongbang.ic.keycenter.WifiKeyService
ADDED from src\main\AndroidManifest.xml:107:9-112:15
	android:enabled
		ADDED from src\main\AndroidManifest.xml:109:13-35
	android:process
		ADDED from src\main\AndroidManifest.xml:110:13-38
	android:exported
		ADDED from src\main\AndroidManifest.xml:111:13-37
	android:name
		ADDED from src\main\AndroidManifest.xml:108:13-53
activity#com.hongbang.ic.activity.EditNicknameActivity
ADDED from src\main\AndroidManifest.xml:115:9-117:51
	android:screenOrientation
		ADDED from src\main\AndroidManifest.xml:117:13-49
	android:name
		ADDED from src\main\AndroidManifest.xml:116:13-58
activity#com.hongbang.ic.activity.ShareKeyActivity
ADDED from src\main\AndroidManifest.xml:118:9-120:51
	android:screenOrientation
		ADDED from src\main\AndroidManifest.xml:120:13-49
	android:name
		ADDED from src\main\AndroidManifest.xml:119:13-54
activity#com.hongbang.ic.activity.AboutActivity
ADDED from src\main\AndroidManifest.xml:121:9-123:51
	android:screenOrientation
		ADDED from src\main\AndroidManifest.xml:123:13-49
	android:name
		ADDED from src\main\AndroidManifest.xml:122:13-51
activity#com.hongbang.ic.activity.DebugActivity
ADDED from src\main\AndroidManifest.xml:124:9-126:51
	android:screenOrientation
		ADDED from src\main\AndroidManifest.xml:126:13-49
	android:name
		ADDED from src\main\AndroidManifest.xml:125:13-51
activity#com.hongbang.ic.activity.DebugKeyActivity
ADDED from src\main\AndroidManifest.xml:127:9-130:71
	android:screenOrientation
		ADDED from src\main\AndroidManifest.xml:129:13-49
	android:windowSoftInputMode
		ADDED from src\main\AndroidManifest.xml:130:13-69
	android:name
		ADDED from src\main\AndroidManifest.xml:128:13-54
activity#com.hongbang.ic.activity.SettingsActivity
ADDED from src\main\AndroidManifest.xml:131:9-133:51
	android:screenOrientation
		ADDED from src\main\AndroidManifest.xml:133:13-49
	android:name
		ADDED from src\main\AndroidManifest.xml:132:13-54
activity#com.tencent.bugly.beta.ui.BetaActivity
ADDED from src\main\AndroidManifest.xml:135:9-138:63
MERGED from [com.tencent.bugly:crashreport_upgrade:1.3.1] AndroidManifest.xml:22:9-26:56
	android:screenOrientation
		ADDED from src\main\AndroidManifest.xml:137:13-49
	android:configChanges
		ADDED from [com.tencent.bugly:crashreport_upgrade:1.3.1] AndroidManifest.xml:24:13-81
	android:theme
		ADDED from src\main\AndroidManifest.xml:138:13-61
	tools:replace
		ADDED from [com.tencent.bugly:crashreport_upgrade:1.3.1] AndroidManifest.xml:26:13-53
	android:name
		ADDED from src\main\AndroidManifest.xml:136:13-66
provider#android.support.v4.content.FileProvider
ADDED from src\main\AndroidManifest.xml:140:9-148:20
	android:authorities
		ADDED from src\main\AndroidManifest.xml:142:13-59
	android:grantUriPermissions
		ADDED from src\main\AndroidManifest.xml:144:13-47
	android:exported
		ADDED from src\main\AndroidManifest.xml:143:13-37
	android:name
		ADDED from src\main\AndroidManifest.xml:141:13-67
meta-data#android.support.FILE_PROVIDER_PATHS
ADDED from src\main\AndroidManifest.xml:145:13-147:57
	android:resource
		ADDED from src\main\AndroidManifest.xml:147:17-55
	android:name
		ADDED from src\main\AndroidManifest.xml:146:17-67
uses-sdk
INJECTED from src\main\AndroidManifest.xml reason: use-sdk injection requested
MERGED from [com.android.support:multidex:1.0.1] AndroidManifest.xml:18:5-42
MERGED from [com.android.support:design:25.0.1] AndroidManifest.xml:21:5-23:62
MERGED from [com.android.support:transition:25.0.1] AndroidManifest.xml:20:5-44
MERGED from [com.android.support:cardview-v7:25.0.1] AndroidManifest.xml:20:5-43
MERGED from [org.xutils:xutils:3.5.0] AndroidManifest.xml:8:5-10:41
MERGED from [com.github.hotchemi:permissionsdispatcher:2.1.3] AndroidManifest.xml:6:5-9:55
MERGED from [com.afollestad.material-dialogs:core:0.9.4.3] AndroidManifest.xml:8:5-11:75
MERGED from [com.android.support:support-v13:25.3.1] AndroidManifest.xml:21:5-23:55
MERGED from [com.android.support:recyclerview-v7:25.3.1] AndroidManifest.xml:20:5-43
MERGED from [me.zhanghai.android.materialprogressbar:library:1.4.0] AndroidManifest.xml:12:5-14:41
MERGED from [com.android.support:appcompat-v7:25.3.1] AndroidManifest.xml:21:5-23:78
MERGED from [com.android.support:support-v4:25.3.1] AndroidManifest.xml:21:5-23:54
MERGED from [com.android.support:support-fragment:25.3.1] AndroidManifest.xml:21:5-23:60
MERGED from [com.android.support:support-media-compat:25.3.1] AndroidManifest.xml:21:5-23:63
MERGED from [com.android.support:support-core-ui:25.3.1] AndroidManifest.xml:21:5-23:58
MERGED from [com.android.support:support-core-utils:25.3.1] AndroidManifest.xml:21:5-23:61
MERGED from [com.android.support:animated-vector-drawable:25.3.1] AndroidManifest.xml:20:5-44
MERGED from [com.android.support:support-vector-drawable:25.3.1] AndroidManifest.xml:20:5-43
MERGED from [com.android.support:support-compat:25.3.1] AndroidManifest.xml:21:5-23:58
MERGED from [net.grandcentrix.tray:tray:0.11.1] AndroidManifest.xml:7:5-9:41
MERGED from [com.tencent.bugly:crashreport_upgrade:1.3.1] AndroidManifest.xml:6:5-8:41
MERGED from [com.tencent.bugly:nativecrashreport:3.3.1] AndroidManifest.xml:5:5-7:41
	tools:overrideLibrary
		ADDED from [com.android.support:design:25.0.1] AndroidManifest.xml:23:9-59
	android:targetSdkVersion
		INJECTED from src\main\AndroidManifest.xml
		INJECTED from src\main\AndroidManifest.xml
	android:minSdkVersion
		INJECTED from src\main\AndroidManifest.xml
		INJECTED from src\main\AndroidManifest.xml
meta-data#android.support.VERSION
ADDED from [com.android.support:support-v13:25.3.1] AndroidManifest.xml:25:5-27:34
MERGED from [com.android.support:recyclerview-v7:25.3.1] AndroidManifest.xml:22:5-24:34
MERGED from [com.android.support:appcompat-v7:25.3.1] AndroidManifest.xml:25:5-27:34
MERGED from [com.android.support:support-v4:25.3.1] AndroidManifest.xml:25:5-27:34
MERGED from [com.android.support:support-fragment:25.3.1] AndroidManifest.xml:25:5-27:34
MERGED from [com.android.support:support-media-compat:25.3.1] AndroidManifest.xml:25:5-27:34
MERGED from [com.android.support:support-core-ui:25.3.1] AndroidManifest.xml:25:5-27:34
MERGED from [com.android.support:support-core-utils:25.3.1] AndroidManifest.xml:25:5-27:34
MERGED from [com.android.support:animated-vector-drawable:25.3.1] AndroidManifest.xml:22:5-24:34
MERGED from [com.android.support:support-vector-drawable:25.3.1] AndroidManifest.xml:22:5-24:34
MERGED from [com.android.support:support-compat:25.3.1] AndroidManifest.xml:25:5-27:34
	android:value
		ADDED from [com.android.support:support-v13:25.3.1] AndroidManifest.xml:27:9-31
	android:name
		ADDED from [com.android.support:support-v13:25.3.1] AndroidManifest.xml:26:9-47
provider#net.grandcentrix.tray.provider.TrayContentProvider
ADDED from [net.grandcentrix.tray:tray:0.11.1] AndroidManifest.xml:12:9-16:44
	android:authorities
		ADDED from [net.grandcentrix.tray:tray:0.11.1] AndroidManifest.xml:14:13-58
	android:multiprocess
		ADDED from [net.grandcentrix.tray:tray:0.11.1] AndroidManifest.xml:16:13-41
	android:exported
		ADDED from [net.grandcentrix.tray:tray:0.11.1] AndroidManifest.xml:15:13-37
	android:name
		ADDED from [net.grandcentrix.tray:tray:0.11.1] AndroidManifest.xml:13:13-78
provider#com.tencent.bugly.beta.utils.BuglyFileProvider
ADDED from [com.tencent.bugly:crashreport_upgrade:1.3.1] AndroidManifest.xml:28:9-38:20
	android:authorities
		ADDED from [com.tencent.bugly:crashreport_upgrade:1.3.1] AndroidManifest.xml:30:13-64
	android:grantUriPermissions
		ADDED from [com.tencent.bugly:crashreport_upgrade:1.3.1] AndroidManifest.xml:32:13-47
	android:exported
		ADDED from [com.tencent.bugly:crashreport_upgrade:1.3.1] AndroidManifest.xml:31:13-37
	tools:replace
		ADDED from [com.tencent.bugly:crashreport_upgrade:1.3.1] AndroidManifest.xml:33:13-74
	android:name
		ADDED from [com.tencent.bugly:crashreport_upgrade:1.3.1] AndroidManifest.xml:29:13-74
service#com.tencent.bugly.beta.tinker.TinkerResultService
ADDED from [com.tencent.bugly:crashreport_upgrade:1.3.1] AndroidManifest.xml:40:9-42:40
	android:exported
		ADDED from [com.tencent.bugly:crashreport_upgrade:1.3.1] AndroidManifest.xml:42:13-37
	android:name
		ADDED from [com.tencent.bugly:crashreport_upgrade:1.3.1] AndroidManifest.xml:41:13-77
service#com.tencent.tinker.lib.service.TinkerPatchService
ADDED from [com.tencent.bugly:crashreport_upgrade:1.3.1] AndroidManifest.xml:43:9-46:40
	android:process
		ADDED from [com.tencent.bugly:crashreport_upgrade:1.3.1] AndroidManifest.xml:46:13-37
	android:exported
		ADDED from [com.tencent.bugly:crashreport_upgrade:1.3.1] AndroidManifest.xml:45:13-37
	android:name
		ADDED from [com.tencent.bugly:crashreport_upgrade:1.3.1] AndroidManifest.xml:44:13-77
service#com.tencent.tinker.lib.service.TinkerPatchService$InnerService
ADDED from [com.tencent.bugly:crashreport_upgrade:1.3.1] AndroidManifest.xml:47:9-50:40
	android:process
		ADDED from [com.tencent.bugly:crashreport_upgrade:1.3.1] AndroidManifest.xml:50:13-37
	android:exported
		ADDED from [com.tencent.bugly:crashreport_upgrade:1.3.1] AndroidManifest.xml:49:13-37
	android:name
		ADDED from [com.tencent.bugly:crashreport_upgrade:1.3.1] AndroidManifest.xml:48:13-90
service#com.tencent.tinker.lib.service.DefaultTinkerResultService
ADDED from [com.tencent.bugly:crashreport_upgrade:1.3.1] AndroidManifest.xml:51:9-53:40
	android:exported
		ADDED from [com.tencent.bugly:crashreport_upgrade:1.3.1] AndroidManifest.xml:53:13-37
	android:name
		ADDED from [com.tencent.bugly:crashreport_upgrade:1.3.1] AndroidManifest.xml:52:13-85